2025-03-15 02:43:35.591  INFO 36544 --- [main] c.e.w.WebfluxMongoApplication            : Starting WebfluxMongoApplication using Java 1.8.0_341 on LAPTOP-JUAN with PID 36544 (C:\xampp\htdocs\webflux-mongo-app\build\classes\java\main started by Administrator in C:\xampp\htdocs\webflux-mongo-app)
2025-03-15 02:43:35.594  INFO 36544 --- [main] c.e.w.WebfluxMongoApplication            : No active profile set, falling back to default profiles: default
2025-03-15 02:43:36.071  INFO 36544 --- [main] .s.d.r.c.RepositoryConfigurationDelegate : Bootstrapping Spring Data Reactive MongoDB repositories in DEFAULT mode.
2025-03-15 02:43:36.117  INFO 36544 --- [main] .s.d.r.c.RepositoryConfigurationDelegate : Finished Spring Data repository scanning in 42 ms. Found 1 Reactive MongoDB repository interfaces.
2025-03-15 02:43:36.857  INFO 36544 --- [main] o.m.d.cluster                            : Cluster created with settings {hosts=[127.0.0.1:27017], mode=SINGLE, requiredClusterType=UNKNOWN, serverSelectionTimeout='30000 ms'}
2025-03-15 02:43:37.253 DEBUG 36544 --- [main] s.w.r.r.m.a.RequestMappingHandlerMapping : 4 mappings in 'requestMappingHandlerMapping'
2025-03-15 02:43:37.263 DEBUG 36544 --- [main] o.s.w.r.h.SimpleUrlHandlerMapping        : Patterns [/webjars/**, /**] in 'resourceHandlerMapping'
2025-03-15 02:43:37.342  INFO 36544 --- [main] o.s.b.a.e.w.EndpointLinksResolver        : Exposing 14 endpoint(s) beneath base path '/actuator'
2025-03-15 02:43:37.367 DEBUG 36544 --- [main] o.s.w.r.r.m.a.ControllerMethodResolver   : ControllerAdvice beans: none
2025-03-15 02:43:37.384 DEBUG 36544 --- [main] o.s.w.s.a.HttpWebHandlerAdapter          : enableLoggingRequestDetails='false': form data and headers will be masked to prevent unsafe logging of potentially sensitive data
2025-03-15 02:43:37.714  INFO 36544 --- [main] o.s.b.w.e.n.NettyWebServer               : Netty started on port 9898
2025-03-15 02:43:37.723  INFO 36544 --- [main] c.e.w.WebfluxMongoApplication            : Started WebfluxMongoApplication in 2.414 seconds (JVM running for 2.822)
2025-03-15 02:43:37.755  INFO 36544 --- [cluster-ClusterId{value='67d52fa89aab635408afac8d', description='null'}-127.0.0.1:27017] o.m.d.connection                         : Opened connection [connectionId{localValue:1, serverValue:114}] to 127.0.0.1:27017
2025-03-15 02:43:37.755  INFO 36544 --- [cluster-rtt-ClusterId{value='67d52fa89aab635408afac8d', description='null'}-127.0.0.1:27017] o.m.d.connection                         : Opened connection [connectionId{localValue:2, serverValue:113}] to 127.0.0.1:27017
2025-03-15 02:43:37.756  INFO 36544 --- [cluster-ClusterId{value='67d52fa89aab635408afac8d', description='null'}-127.0.0.1:27017] o.m.d.cluster                            : Monitor thread successfully connected to server with description ServerDescription{address=127.0.0.1:27017, type=STANDALONE, state=CONNECTED, ok=true, minWireVersion=0, maxWireVersion=25, maxDocumentSize=16777216, logicalSessionTimeoutMinutes=30, roundTripTimeNanos=38213100}
2025-03-15 02:46:13.319 DEBUG 36544 --- [reactor-http-nio-3] o.s.w.s.a.HttpWebHandlerAdapter          : [42b41c55-1] HTTP POST "/api/trace/range?from=2025-01-01T00:00:00Z&to=2025-12-31T23:59:59Z"
2025-03-15 02:46:13.364 DEBUG 36544 --- [reactor-http-nio-3] o.s.w.HttpLogging                        : [42b41c55-1] Resolved [MethodNotAllowedException: 405 METHOD_NOT_ALLOWED "Request method 'POST' not supported"] for HTTP POST /api/trace/range
2025-03-15 02:46:13.390 DEBUG 36544 --- [reactor-http-nio-3] o.s.w.HttpLogging                        : [42b41c55-1] Encoding [{timestamp=Sat Mar 15 02:46:13 COT 2025, path=/api/trace/range, status=405, error=Method Not Allowed (truncated)...]
2025-03-15 02:46:13.444 DEBUG 36544 --- [reactor-http-nio-3] o.s.w.s.a.HttpWebHandlerAdapter          : [42b41c55-1] Completed 405 METHOD_NOT_ALLOWED
2025-03-15 02:46:33.262 DEBUG 36544 --- [reactor-http-nio-3] o.s.w.s.a.HttpWebHandlerAdapter          : [42b41c55-2] HTTP POST "/api/traces/insert"
2025-03-15 02:46:33.265 DEBUG 36544 --- [reactor-http-nio-3] s.w.r.r.m.a.RequestMappingHandlerMapping : [42b41c55-2] Mapped to com.example.webfluxmongo.controller.TraceController#insertTrace(TraceMsg)
2025-03-15 02:46:33.276 DEBUG 36544 --- [reactor-http-nio-3] .r.m.a.RequestBodyMethodArgumentResolver : [42b41c55-2] Content-Type:application/json
2025-03-15 02:46:33.303 DEBUG 36544 --- [reactor-http-nio-3] .r.m.a.RequestBodyMethodArgumentResolver : [42b41c55-2] 0..1 [com.example.webfluxmongo.model.TraceMsg]
2025-03-15 02:46:33.324 DEBUG 36544 --- [reactor-http-nio-3] o.s.w.HttpLogging                        : [42b41c55-2] Decoded [TraceMsg(_id=null, sessionId=abc123, payload=Mensaje de prueba, ts=null)]
2025-03-15 02:46:33.327  INFO 36544 --- [reactor-http-nio-3] c.e.w.c.TraceController                  : Received insert request: TraceMsg(_id=null, sessionId=abc123, payload=Mensaje de prueba, ts=2025-03-15T02:46:33.326-05:00)
2025-03-15 02:46:33.328  INFO 36544 --- [reactor-http-nio-3] c.e.w.s.TraceMsgService                  : Inserting trace message: TraceMsg(_id=null, sessionId=abc123, payload=Mensaje de prueba, ts=2025-03-15T02:46:33.326-05:00)
2025-03-15 02:46:33.369 DEBUG 36544 --- [reactor-http-nio-3] o.s.w.r.r.m.a.ResponseBodyResultHandler  : [42b41c55-2] Using 'application/json' given [*/*] and supported [application/json, application/*+json, application/x-ndjson, text/event-stream]
2025-03-15 02:46:33.369 DEBUG 36544 --- [reactor-http-nio-3] o.s.w.r.r.m.a.ResponseBodyResultHandler  : [42b41c55-2] 0..1 [com.example.webfluxmongo.model.TraceMsg]
2025-03-15 02:46:33.438  INFO 36544 --- [nioEventLoopGroup-3-3] o.m.d.connection                         : Opened connection [connectionId{localValue:3, serverValue:115}] to 127.0.0.1:27017
2025-03-15 02:46:33.474 DEBUG 36544 --- [nioEventLoopGroup-3-3] o.s.w.HttpLogging                        : [42b41c55-2] Encoding [TraceMsg(_id=67d530599aab635408afac8e, sessionId=abc123, payload=Mensaje de prueba, ts=2025-03-15T02 (truncated)...]
2025-03-15 02:46:33.481 DEBUG 36544 --- [reactor-http-nio-3] o.s.w.s.a.HttpWebHandlerAdapter          : [42b41c55-2] Completed 200 OK
2025-03-15 02:46:54.630 DEBUG 36544 --- [reactor-http-nio-3] o.s.w.s.a.HttpWebHandlerAdapter          : [42b41c55-3] HTTP GET "/api/traces/range?from=2025-01-01T00:00:00Z&to=2025-12-31T23:59:59Z"
2025-03-15 02:46:54.632 DEBUG 36544 --- [reactor-http-nio-3] s.w.r.r.m.a.RequestMappingHandlerMapping : [42b41c55-3] Mapped to com.example.webfluxmongo.controller.TraceController#getTracesInRange(String, String)
2025-03-15 02:46:54.639  INFO 36544 --- [reactor-http-nio-3] c.e.w.c.TraceController                  : Received range request from 2025-01-01T00:00:00Z to 2025-12-31T23:59:59Z
2025-03-15 02:46:54.641  INFO 36544 --- [reactor-http-nio-3] c.e.w.s.TraceMsgService                  : Finding traces from 2025-01-01T00:00Z to 2025-12-31T23:59:59Z
2025-03-15 02:46:54.647 DEBUG 36544 --- [reactor-http-nio-3] o.s.w.r.r.m.a.ResponseBodyResultHandler  : [42b41c55-3] Using 'application/json' given [*/*] and supported [application/json, application/*+json, application/x-ndjson, text/event-stream]
2025-03-15 02:46:54.647 DEBUG 36544 --- [reactor-http-nio-3] o.s.w.r.r.m.a.ResponseBodyResultHandler  : [42b41c55-3] 0..N [com.example.webfluxmongo.model.TraceMsg]
2025-03-15 02:46:54.713 DEBUG 36544 --- [nioEventLoopGroup-3-3] o.s.w.HttpLogging                        : [42b41c55-3] Encoding [[TraceMsg(_id=67d529095448955954a7c6a6, sessionId=abc123, payload=Mensaje de prueba, ts=2025-03-15T0 (truncated)...]
2025-03-15 02:46:54.721 DEBUG 36544 --- [reactor-http-nio-3] o.s.w.s.a.HttpWebHandlerAdapter          : [42b41c55-3] Completed 200 OK
2025-03-15 03:05:39.068  INFO 27188 --- [main] c.e.w.WebfluxMongoApplication            : Starting WebfluxMongoApplication using Java 1.8.0_341 on LAPTOP-JUAN with PID 27188 (C:\xampp\htdocs\webflux-mongo-app\build\classes\java\main started by Administrator in C:\xampp\htdocs\webflux-mongo-app)
2025-03-15 03:05:39.071  INFO 27188 --- [main] c.e.w.WebfluxMongoApplication            : No active profile set, falling back to default profiles: default
2025-03-15 03:05:39.506  INFO 27188 --- [main] .s.d.r.c.RepositoryConfigurationDelegate : Bootstrapping Spring Data Reactive MongoDB repositories in DEFAULT mode.
2025-03-15 03:05:39.544  INFO 27188 --- [main] .s.d.r.c.RepositoryConfigurationDelegate : Finished Spring Data repository scanning in 34 ms. Found 1 Reactive MongoDB repository interfaces.
2025-03-15 03:05:40.195  INFO 27188 --- [main] o.m.d.cluster                            : Cluster created with settings {hosts=[127.0.0.1:27017], mode=SINGLE, requiredClusterType=UNKNOWN, serverSelectionTimeout='30000 ms'}
2025-03-15 03:05:40.584 DEBUG 27188 --- [main] s.w.r.r.m.a.RequestMappingHandlerMapping : 4 mappings in 'requestMappingHandlerMapping'
2025-03-15 03:05:40.592 DEBUG 27188 --- [main] o.s.w.r.h.SimpleUrlHandlerMapping        : Patterns [/webjars/**, /**] in 'resourceHandlerMapping'
2025-03-15 03:05:40.669  INFO 27188 --- [main] o.s.b.a.e.w.EndpointLinksResolver        : Exposing 14 endpoint(s) beneath base path '/actuator'
2025-03-15 03:05:40.694 DEBUG 27188 --- [main] o.s.w.r.r.m.a.ControllerMethodResolver   : ControllerAdvice beans: none
2025-03-15 03:05:40.709 DEBUG 27188 --- [main] o.s.w.s.a.HttpWebHandlerAdapter          : enableLoggingRequestDetails='false': form data and headers will be masked to prevent unsafe logging of potentially sensitive data
2025-03-15 03:05:41.030  INFO 27188 --- [main] o.s.b.w.e.n.NettyWebServer               : Netty started on port 9898
2025-03-15 03:05:41.038  INFO 27188 --- [main] c.e.w.WebfluxMongoApplication            : Started WebfluxMongoApplication in 2.325 seconds (JVM running for 2.816)
2025-03-15 03:05:41.067  INFO 27188 --- [cluster-ClusterId{value='67d534d464bb3f1f1b3c3953', description='null'}-127.0.0.1:27017] o.m.d.connection                         : Opened connection [connectionId{localValue:1, serverValue:116}] to 127.0.0.1:27017
2025-03-15 03:05:41.067  INFO 27188 --- [cluster-rtt-ClusterId{value='67d534d464bb3f1f1b3c3953', description='null'}-127.0.0.1:27017] o.m.d.connection                         : Opened connection [connectionId{localValue:2, serverValue:117}] to 127.0.0.1:27017
2025-03-15 03:05:41.068  INFO 27188 --- [cluster-ClusterId{value='67d534d464bb3f1f1b3c3953', description='null'}-127.0.0.1:27017] o.m.d.cluster                            : Monitor thread successfully connected to server with description ServerDescription{address=127.0.0.1:27017, type=STANDALONE, state=CONNECTED, ok=true, minWireVersion=0, maxWireVersion=25, maxDocumentSize=16777216, logicalSessionTimeoutMinutes=30, roundTripTimeNanos=36184500}
2025-03-15 03:05:44.599 DEBUG 27188 --- [reactor-http-nio-3] o.s.w.s.a.HttpWebHandlerAdapter          : [e24451a9-1] HTTP GET "/api/traces/range?from=2025-01-01T00:00:00Z&to=2025-12-31T23:59:59Z"
2025-03-15 03:05:44.622 DEBUG 27188 --- [reactor-http-nio-3] s.w.r.r.m.a.RequestMappingHandlerMapping : [e24451a9-1] Mapped to com.example.webfluxmongo.controller.TraceController#getTracesInRange(String, String)
2025-03-15 03:05:44.641  INFO 27188 --- [reactor-http-nio-3] c.e.w.c.TraceController                  : Solicitud de rango recibida de 2025-01-01T00:00:00Z a 2025-12-31T23:59:59Z
2025-03-15 03:05:44.642  INFO 27188 --- [reactor-http-nio-3] c.e.w.s.TraceMsgService                  : Buscando rastros desde 2025-01-01T00:00Z hasta 2025-12-31T23:59:59Z
2025-03-15 03:05:44.682 DEBUG 27188 --- [reactor-http-nio-3] o.s.w.r.r.m.a.ResponseBodyResultHandler  : [e24451a9-1] Using 'application/json' given [*/*] and supported [application/json, application/*+json, application/x-ndjson, text/event-stream]
2025-03-15 03:05:44.682 DEBUG 27188 --- [reactor-http-nio-3] o.s.w.r.r.m.a.ResponseBodyResultHandler  : [e24451a9-1] 0..N [com.example.webfluxmongo.model.TraceMsg]
2025-03-15 03:05:44.745  INFO 27188 --- [nioEventLoopGroup-3-3] o.m.d.connection                         : Opened connection [connectionId{localValue:3, serverValue:118}] to 127.0.0.1:27017
2025-03-15 03:05:44.784 DEBUG 27188 --- [nioEventLoopGroup-3-3] o.s.w.HttpLogging                        : [e24451a9-1] Encoding [[TraceMsg(_id=67d529095448955954a7c6a6, sessionId=abc123, payload=Mensaje de prueba, ts=2025-03-15T0 (truncated)...]
2025-03-15 03:05:44.813 DEBUG 27188 --- [reactor-http-nio-3] o.s.w.s.a.HttpWebHandlerAdapter          : [e24451a9-1] Completed 200 OK
2025-03-15 03:05:46.915 DEBUG 27188 --- [reactor-http-nio-3] o.s.w.s.a.HttpWebHandlerAdapter          : [e24451a9-2] HTTP POST "/api/traces/insert"
2025-03-15 03:05:46.916 DEBUG 27188 --- [reactor-http-nio-3] s.w.r.r.m.a.RequestMappingHandlerMapping : [e24451a9-2] Mapped to com.example.webfluxmongo.controller.TraceController#insertTrace(TraceMsg)
2025-03-15 03:05:46.918 DEBUG 27188 --- [reactor-http-nio-3] .r.m.a.RequestBodyMethodArgumentResolver : [e24451a9-2] Content-Type:application/json
2025-03-15 03:05:46.936 DEBUG 27188 --- [reactor-http-nio-3] .r.m.a.RequestBodyMethodArgumentResolver : [e24451a9-2] 0..1 [com.example.webfluxmongo.model.TraceMsg]
2025-03-15 03:05:46.957 DEBUG 27188 --- [reactor-http-nio-3] o.s.w.HttpLogging                        : [e24451a9-2] Decoded [TraceMsg(_id=null, sessionId=abc123, payload=Mensaje de prueba, ts=null)]
2025-03-15 03:05:46.958  INFO 27188 --- [reactor-http-nio-3] c.e.w.c.TraceController                  : Solicitud de inserci贸n recibida: TraceMsg(_id=null, sessionId=abc123, payload=Mensaje de prueba, ts=2025-03-15T03:05:46.958-05:00)
2025-03-15 03:05:46.958  INFO 27188 --- [reactor-http-nio-3] c.e.w.s.TraceMsgService                  : Insertando mensaje de rastreo: TraceMsg(_id=null, sessionId=abc123, payload=Mensaje de prueba, ts=2025-03-15T03:05:46.958-05:00)
2025-03-15 03:05:46.965 DEBUG 27188 --- [reactor-http-nio-3] o.s.w.r.r.m.a.ResponseBodyResultHandler  : [e24451a9-2] Using 'application/json' given [*/*] and supported [application/json, application/*+json, application/x-ndjson, text/event-stream]
2025-03-15 03:05:46.965 DEBUG 27188 --- [reactor-http-nio-3] o.s.w.r.r.m.a.ResponseBodyResultHandler  : [e24451a9-2] 0..1 [com.example.webfluxmongo.model.TraceMsg]
2025-03-15 03:05:47.001 DEBUG 27188 --- [nioEventLoopGroup-3-3] o.s.w.HttpLogging                        : [e24451a9-2] Encoding [TraceMsg(_id=67d534da64bb3f1f1b3c3954, sessionId=abc123, payload=Mensaje de prueba, ts=2025-03-15T03 (truncated)...]
2025-03-15 03:05:47.007 DEBUG 27188 --- [reactor-http-nio-3] o.s.w.s.a.HttpWebHandlerAdapter          : [e24451a9-2] Completed 200 OK
2025-03-15 03:07:24.222  INFO 34724 --- [main] c.e.w.WebfluxMongoApplication            : Starting WebfluxMongoApplication using Java 1.8.0_341 on LAPTOP-JUAN with PID 34724 (C:\xampp\htdocs\webflux-mongo-app\build\classes\java\main started by Administrator in C:\xampp\htdocs\webflux-mongo-app)
2025-03-15 03:07:24.225  INFO 34724 --- [main] c.e.w.WebfluxMongoApplication            : No active profile set, falling back to default profiles: default
2025-03-15 03:07:24.700  INFO 34724 --- [main] .s.d.r.c.RepositoryConfigurationDelegate : Bootstrapping Spring Data Reactive MongoDB repositories in DEFAULT mode.
2025-03-15 03:07:24.738  INFO 34724 --- [main] .s.d.r.c.RepositoryConfigurationDelegate : Finished Spring Data repository scanning in 35 ms. Found 1 Reactive MongoDB repository interfaces.
2025-03-15 03:07:25.611  INFO 34724 --- [main] o.m.d.cluster                            : Cluster created with settings {hosts=[127.0.0.1:27017], mode=SINGLE, requiredClusterType=UNKNOWN, serverSelectionTimeout='30000 ms'}
2025-03-15 03:07:26.015 DEBUG 34724 --- [main] s.w.r.r.m.a.RequestMappingHandlerMapping : 2 mappings in 'requestMappingHandlerMapping'
2025-03-15 03:07:26.026 DEBUG 34724 --- [main] o.s.w.r.h.SimpleUrlHandlerMapping        : Patterns [/webjars/**, /**] in 'resourceHandlerMapping'
2025-03-15 03:07:26.172  INFO 34724 --- [main] o.s.b.a.e.w.EndpointLinksResolver        : Exposing 14 endpoint(s) beneath base path '/actuator'
2025-03-15 03:07:26.198 DEBUG 34724 --- [main] o.s.w.r.r.m.a.ControllerMethodResolver   : ControllerAdvice beans: none
2025-03-15 03:07:26.215 DEBUG 34724 --- [main] o.s.w.s.a.HttpWebHandlerAdapter          : enableLoggingRequestDetails='false': form data and headers will be masked to prevent unsafe logging of potentially sensitive data
2025-03-15 03:07:26.525  INFO 34724 --- [main] o.s.b.w.e.n.NettyWebServer               : Netty started on port 9898
2025-03-15 03:07:26.534  INFO 34724 --- [main] c.e.w.WebfluxMongoApplication            : Started WebfluxMongoApplication in 2.632 seconds (JVM running for 3.046)
2025-03-15 03:07:26.562  INFO 34724 --- [cluster-rtt-ClusterId{value='67d5353d4ad39678ca5993ab', description='null'}-127.0.0.1:27017] o.m.d.connection                         : Opened connection [connectionId{localValue:2, serverValue:119}] to 127.0.0.1:27017
2025-03-15 03:07:26.562  INFO 34724 --- [cluster-ClusterId{value='67d5353d4ad39678ca5993ab', description='null'}-127.0.0.1:27017] o.m.d.connection                         : Opened connection [connectionId{localValue:1, serverValue:120}] to 127.0.0.1:27017
2025-03-15 03:07:26.563  INFO 34724 --- [cluster-ClusterId{value='67d5353d4ad39678ca5993ab', description='null'}-127.0.0.1:27017] o.m.d.cluster                            : Monitor thread successfully connected to server with description ServerDescription{address=127.0.0.1:27017, type=STANDALONE, state=CONNECTED, ok=true, minWireVersion=0, maxWireVersion=25, maxDocumentSize=16777216, logicalSessionTimeoutMinutes=30, roundTripTimeNanos=34993300}
2025-03-15 03:07:31.735 DEBUG 34724 --- [reactor-http-nio-3] o.s.w.s.a.HttpWebHandlerAdapter          : [b1e87b20-1] HTTP POST "/api/traces/insert"
2025-03-15 03:07:31.762 DEBUG 34724 --- [reactor-http-nio-3] s.w.r.r.m.a.RequestMappingHandlerMapping : [b1e87b20-1] Mapped to com.example.webfluxmongo.controller.TraceController#insertTrace(TraceMsg)
2025-03-15 03:07:31.778 DEBUG 34724 --- [reactor-http-nio-3] .r.m.a.RequestBodyMethodArgumentResolver : [b1e87b20-1] Content-Type:application/json
2025-03-15 03:07:31.826 DEBUG 34724 --- [reactor-http-nio-3] .r.m.a.RequestBodyMethodArgumentResolver : [b1e87b20-1] 0..1 [com.example.webfluxmongo.model.TraceMsg]
2025-03-15 03:07:31.858 DEBUG 34724 --- [reactor-http-nio-3] o.s.w.HttpLogging                        : [b1e87b20-1] Decoded [TraceMsg(_id=null, sessionId=abc123, payload=Mensaje de prueba, ts=null)]
2025-03-15 03:07:31.862  INFO 34724 --- [reactor-http-nio-3] c.e.w.c.TraceController                  : Solicitud de inserci贸n recibida: TraceMsg(_id=null, sessionId=abc123, payload=Mensaje de prueba, ts=2025-03-15T03:07:31.860-05:00)
2025-03-15 03:07:31.862  INFO 34724 --- [reactor-http-nio-3] c.e.w.s.TraceMsgService                  : Insertando mensaje de rastreo: TraceMsg(_id=null, sessionId=abc123, payload=Mensaje de prueba, ts=2025-03-15T03:07:31.860-05:00)
2025-03-15 03:07:31.902 DEBUG 34724 --- [reactor-http-nio-3] o.s.w.r.r.m.a.ResponseBodyResultHandler  : [b1e87b20-1] Using 'application/json' given [*/*] and supported [application/json, application/*+json, application/x-ndjson, text/event-stream]
2025-03-15 03:07:31.902 DEBUG 34724 --- [reactor-http-nio-3] o.s.w.r.r.m.a.ResponseBodyResultHandler  : [b1e87b20-1] 0..1 [com.example.webfluxmongo.model.TraceMsg]
2025-03-15 03:07:31.975  INFO 34724 --- [nioEventLoopGroup-3-3] o.m.d.connection                         : Opened connection [connectionId{localValue:3, serverValue:121}] to 127.0.0.1:27017
2025-03-15 03:07:32.026 DEBUG 34724 --- [nioEventLoopGroup-3-3] o.s.w.HttpLogging                        : [b1e87b20-1] Encoding [TraceMsg(_id=67d535434ad39678ca5993ac, sessionId=abc123, payload=Mensaje de prueba, ts=2025-03-15T03 (truncated)...]
2025-03-15 03:07:32.067 DEBUG 34724 --- [reactor-http-nio-3] o.s.w.s.a.HttpWebHandlerAdapter          : [b1e87b20-1] Completed 200 OK
2025-03-15 03:07:34.362 DEBUG 34724 --- [reactor-http-nio-3] o.s.w.s.a.HttpWebHandlerAdapter          : [b1e87b20-2] HTTP GET "/api/traces/range?from=2025-01-01T00:00:00Z&to=2025-12-31T23:59:59Z"
2025-03-15 03:07:34.365 DEBUG 34724 --- [reactor-http-nio-3] s.w.r.r.m.a.RequestMappingHandlerMapping : [b1e87b20-2] Mapped to com.example.webfluxmongo.controller.TraceController#getTracesInRange(String, String)
2025-03-15 03:07:34.374  INFO 34724 --- [reactor-http-nio-3] c.e.w.c.TraceController                  : Solicitud de rango recibida de 2025-01-01T00:00:00Z a 2025-12-31T23:59:59Z
2025-03-15 03:07:34.376  INFO 34724 --- [reactor-http-nio-3] c.e.w.s.TraceMsgService                  : Buscando rastros desde 2025-01-01T00:00Z hasta 2025-12-31T23:59:59Z
2025-03-15 03:07:34.382 DEBUG 34724 --- [reactor-http-nio-3] o.s.w.r.r.m.a.ResponseBodyResultHandler  : [b1e87b20-2] Using 'application/json' given [*/*] and supported [application/json, application/*+json, application/x-ndjson, text/event-stream]
2025-03-15 03:07:34.382 DEBUG 34724 --- [reactor-http-nio-3] o.s.w.r.r.m.a.ResponseBodyResultHandler  : [b1e87b20-2] 0..N [com.example.webfluxmongo.model.TraceMsg]
2025-03-15 03:07:34.449 DEBUG 34724 --- [nioEventLoopGroup-3-3] o.s.w.HttpLogging                        : [b1e87b20-2] Encoding [[TraceMsg(_id=67d529095448955954a7c6a6, sessionId=abc123, payload=Mensaje de prueba, ts=2025-03-15T0 (truncated)...]
2025-03-15 03:07:34.460 DEBUG 34724 --- [reactor-http-nio-3] o.s.w.s.a.HttpWebHandlerAdapter          : [b1e87b20-2] Completed 200 OK
2025-03-15 03:08:28.891 DEBUG 34724 --- [reactor-http-nio-3] o.s.w.s.a.HttpWebHandlerAdapter          : [b1e87b20-3] HTTP POST "/api/trace/insert"
2025-03-15 03:08:28.893 DEBUG 34724 --- [reactor-http-nio-3] o.s.w.r.h.SimpleUrlHandlerMapping        : [b1e87b20-3] Mapped to ResourceWebHandler ["classpath:/META-INF/resources/", "classpath:/resources/", "classpath:/static/", "classpath:/public/"]
2025-03-15 03:08:28.896 DEBUG 34724 --- [reactor-http-nio-3] o.s.w.r.r.ResourceWebHandler             : [b1e87b20-3] Resource not found
2025-03-15 03:08:28.913 DEBUG 34724 --- [reactor-http-nio-3] o.s.w.HttpLogging                        : [b1e87b20-3] Resolved [ResponseStatusException: 404 NOT_FOUND] for HTTP POST /api/trace/insert
2025-03-15 03:08:28.922 DEBUG 34724 --- [reactor-http-nio-3] o.s.w.HttpLogging                        : [b1e87b20-3] Encoding [{timestamp=Sat Mar 15 03:08:28 COT 2025, path=/api/trace/insert, status=404, error=Not Found, messag (truncated)...]
2025-03-15 03:08:28.926 DEBUG 34724 --- [reactor-http-nio-3] o.s.w.s.a.HttpWebHandlerAdapter          : [b1e87b20-3] Completed 404 NOT_FOUND
2025-03-15 03:08:31.379 DEBUG 34724 --- [reactor-http-nio-3] o.s.w.s.a.HttpWebHandlerAdapter          : [b1e87b20-4] HTTP POST "/api/traces/insert"
2025-03-15 03:08:31.380 DEBUG 34724 --- [reactor-http-nio-3] s.w.r.r.m.a.RequestMappingHandlerMapping : [b1e87b20-4] Mapped to com.example.webfluxmongo.controller.TraceController#insertTrace(TraceMsg)
2025-03-15 03:08:31.380 DEBUG 34724 --- [reactor-http-nio-3] .r.m.a.RequestBodyMethodArgumentResolver : [b1e87b20-4] Content-Type:application/json
2025-03-15 03:08:31.380 DEBUG 34724 --- [reactor-http-nio-3] .r.m.a.RequestBodyMethodArgumentResolver : [b1e87b20-4] 0..1 [com.example.webfluxmongo.model.TraceMsg]
2025-03-15 03:08:31.381 DEBUG 34724 --- [reactor-http-nio-3] o.s.w.HttpLogging                        : [b1e87b20-4] Decoded [TraceMsg(_id=null, sessionId=abc123, payload=Mensaje de prueba, ts=null)]
2025-03-15 03:08:31.382  INFO 34724 --- [reactor-http-nio-3] c.e.w.c.TraceController                  : Solicitud de inserci贸n recibida: TraceMsg(_id=null, sessionId=abc123, payload=Mensaje de prueba, ts=2025-03-15T03:08:31.382-05:00)
2025-03-15 03:08:31.382  INFO 34724 --- [reactor-http-nio-3] c.e.w.s.TraceMsgService                  : Insertando mensaje de rastreo: TraceMsg(_id=null, sessionId=abc123, payload=Mensaje de prueba, ts=2025-03-15T03:08:31.382-05:00)
2025-03-15 03:08:31.383 DEBUG 34724 --- [reactor-http-nio-3] o.s.w.r.r.m.a.ResponseBodyResultHandler  : [b1e87b20-4] Using 'application/json' given [*/*] and supported [application/json, application/*+json, application/x-ndjson, text/event-stream]
2025-03-15 03:08:31.383 DEBUG 34724 --- [reactor-http-nio-3] o.s.w.r.r.m.a.ResponseBodyResultHandler  : [b1e87b20-4] 0..1 [com.example.webfluxmongo.model.TraceMsg]
2025-03-15 03:08:31.385 DEBUG 34724 --- [nioEventLoopGroup-3-3] o.s.w.HttpLogging                        : [b1e87b20-4] Encoding [TraceMsg(_id=67d5357f4ad39678ca5993ad, sessionId=abc123, payload=Mensaje de prueba, ts=2025-03-15T03 (truncated)...]
2025-03-15 03:08:31.386 DEBUG 34724 --- [reactor-http-nio-3] o.s.w.s.a.HttpWebHandlerAdapter          : [b1e87b20-4] Completed 200 OK
2025-03-15 03:11:56.786  INFO 11504 --- [main] c.e.w.WebfluxMongoApplication            : Starting WebfluxMongoApplication using Java 1.8.0_341 on LAPTOP-JUAN with PID 11504 (C:\xampp\htdocs\webflux-mongo-app\build\classes\java\main started by Administrator in C:\xampp\htdocs\webflux-mongo-app)
2025-03-15 03:11:56.789  INFO 11504 --- [main] c.e.w.WebfluxMongoApplication            : No active profile set, falling back to default profiles: default
2025-03-15 03:11:57.226  INFO 11504 --- [main] .s.d.r.c.RepositoryConfigurationDelegate : Bootstrapping Spring Data Reactive MongoDB repositories in DEFAULT mode.
2025-03-15 03:11:57.262  INFO 11504 --- [main] .s.d.r.c.RepositoryConfigurationDelegate : Finished Spring Data repository scanning in 34 ms. Found 1 Reactive MongoDB repository interfaces.
2025-03-15 03:11:57.909  INFO 11504 --- [main] o.m.d.cluster                            : Cluster created with settings {hosts=[127.0.0.1:27017], mode=SINGLE, requiredClusterType=UNKNOWN, serverSelectionTimeout='30000 ms'}
2025-03-15 03:11:58.236 DEBUG 11504 --- [main] s.w.r.r.m.a.RequestMappingHandlerMapping : 2 mappings in 'requestMappingHandlerMapping'
2025-03-15 03:11:58.244 DEBUG 11504 --- [main] o.s.w.r.h.SimpleUrlHandlerMapping        : Patterns [/webjars/**, /**] in 'resourceHandlerMapping'
2025-03-15 03:11:58.356  INFO 11504 --- [main] o.s.b.a.e.w.EndpointLinksResolver        : Exposing 14 endpoint(s) beneath base path '/actuator'
2025-03-15 03:11:58.379 DEBUG 11504 --- [main] o.s.w.r.r.m.a.ControllerMethodResolver   : ControllerAdvice beans: none
2025-03-15 03:11:58.394 DEBUG 11504 --- [main] o.s.w.s.a.HttpWebHandlerAdapter          : enableLoggingRequestDetails='false': form data and headers will be masked to prevent unsafe logging of potentially sensitive data
2025-03-15 03:11:58.741  INFO 11504 --- [main] o.s.b.w.e.n.NettyWebServer               : Netty started on port 9898
2025-03-15 03:11:58.748  INFO 11504 --- [main] c.e.w.WebfluxMongoApplication            : Started WebfluxMongoApplication in 2.341 seconds (JVM running for 2.95)
2025-03-15 03:11:58.775  INFO 11504 --- [cluster-ClusterId{value='67d5364d3579fb22bc37115a', description='null'}-127.0.0.1:27017] o.m.d.connection                         : Opened connection [connectionId{localValue:2, serverValue:122}] to 127.0.0.1:27017
2025-03-15 03:11:58.775  INFO 11504 --- [cluster-rtt-ClusterId{value='67d5364d3579fb22bc37115a', description='null'}-127.0.0.1:27017] o.m.d.connection                         : Opened connection [connectionId{localValue:1, serverValue:123}] to 127.0.0.1:27017
2025-03-15 03:11:58.776  INFO 11504 --- [cluster-ClusterId{value='67d5364d3579fb22bc37115a', description='null'}-127.0.0.1:27017] o.m.d.cluster                            : Monitor thread successfully connected to server with description ServerDescription{address=127.0.0.1:27017, type=STANDALONE, state=CONNECTED, ok=true, minWireVersion=0, maxWireVersion=25, maxDocumentSize=16777216, logicalSessionTimeoutMinutes=30, roundTripTimeNanos=33195500}
2025-03-15 03:12:07.046 DEBUG 11504 --- [reactor-http-nio-3] o.s.w.s.a.HttpWebHandlerAdapter          : [e0fa2c7a-1] HTTP POST "/api/traces/insert"
2025-03-15 03:12:07.072 DEBUG 11504 --- [reactor-http-nio-3] s.w.r.r.m.a.RequestMappingHandlerMapping : [e0fa2c7a-1] Mapped to com.example.webfluxmongo.controller.TraceController#insertTrace(TraceMsg)
2025-03-15 03:12:07.087 DEBUG 11504 --- [reactor-http-nio-3] .r.m.a.RequestBodyMethodArgumentResolver : [e0fa2c7a-1] Content-Type:application/json
2025-03-15 03:12:07.132 DEBUG 11504 --- [reactor-http-nio-3] .r.m.a.RequestBodyMethodArgumentResolver : [e0fa2c7a-1] 0..1 [com.example.webfluxmongo.model.TraceMsg]
2025-03-15 03:12:07.162 DEBUG 11504 --- [reactor-http-nio-3] o.s.w.HttpLogging                        : [e0fa2c7a-1] Decoded [TraceMsg(_id=null, sessionId=abc123, payload=Mensaje de prueba, ts=null)]
2025-03-15 03:12:07.165  INFO 11504 --- [reactor-http-nio-3] c.e.w.c.TraceController                  : Solicitud de inserci贸n recibida: TraceMsg(_id=null, sessionId=abc123, payload=Mensaje de prueba, ts=2025-03-15T03:12:07.163-05:00)
2025-03-15 03:12:07.165  INFO 11504 --- [reactor-http-nio-3] c.e.w.s.TraceMsgService                  : Insertando mensaje de rastreo: TraceMsg(_id=null, sessionId=abc123, payload=Mensaje de prueba, ts=2025-03-15T03:12:07.163-05:00)
2025-03-15 03:12:07.207 DEBUG 11504 --- [reactor-http-nio-3] o.s.w.r.r.m.a.ResponseBodyResultHandler  : [e0fa2c7a-1] Using 'application/json' given [*/*] and supported [application/json, application/*+json, application/x-ndjson, text/event-stream]
2025-03-15 03:12:07.207 DEBUG 11504 --- [reactor-http-nio-3] o.s.w.r.r.m.a.ResponseBodyResultHandler  : [e0fa2c7a-1] 0..1 [com.example.webfluxmongo.model.TraceMsg]
2025-03-15 03:12:07.291  INFO 11504 --- [nioEventLoopGroup-3-3] o.m.d.connection                         : Opened connection [connectionId{localValue:3, serverValue:124}] to 127.0.0.1:27017
2025-03-15 03:12:07.324 DEBUG 11504 --- [nioEventLoopGroup-3-3] o.s.w.HttpLogging                        : [e0fa2c7a-1] Encoding [TraceMsg(_id=67d536573579fb22bc37115b, sessionId=abc123, payload=Mensaje de prueba, ts=2025-03-15T03 (truncated)...]
2025-03-15 03:12:07.358 DEBUG 11504 --- [reactor-http-nio-3] o.s.w.s.a.HttpWebHandlerAdapter          : [e0fa2c7a-1] Completed 200 OK
2025-03-15 03:12:09.798 DEBUG 11504 --- [reactor-http-nio-3] o.s.w.s.a.HttpWebHandlerAdapter          : [e0fa2c7a-2] HTTP GET "/api/traces/range?from=2025-01-01T00:00:00Z&to=2025-12-31T23:59:59Z"
2025-03-15 03:12:09.800 DEBUG 11504 --- [reactor-http-nio-3] s.w.r.r.m.a.RequestMappingHandlerMapping : [e0fa2c7a-2] Mapped to com.example.webfluxmongo.controller.TraceController#getTracesInRange(String, String)
2025-03-15 03:12:09.807  INFO 11504 --- [reactor-http-nio-3] c.e.w.c.TraceController                  : Solicitud de rango recibida de 2025-01-01T00:00:00Z a 2025-12-31T23:59:59Z
2025-03-15 03:12:09.808  INFO 11504 --- [reactor-http-nio-3] c.e.w.s.TraceMsgService                  : Buscando rastros desde 2025-01-01T00:00Z hasta 2025-12-31T23:59:59Z
2025-03-15 03:12:09.814 DEBUG 11504 --- [reactor-http-nio-3] o.s.w.r.r.m.a.ResponseBodyResultHandler  : [e0fa2c7a-2] Using 'application/json' given [*/*] and supported [application/json, application/*+json, application/x-ndjson, text/event-stream]
2025-03-15 03:12:09.814 DEBUG 11504 --- [reactor-http-nio-3] o.s.w.r.r.m.a.ResponseBodyResultHandler  : [e0fa2c7a-2] 0..N [com.example.webfluxmongo.model.TraceMsg]
2025-03-15 03:12:09.869 DEBUG 11504 --- [nioEventLoopGroup-3-3] o.s.w.HttpLogging                        : [e0fa2c7a-2] Encoding [[TraceMsg(_id=67d529095448955954a7c6a6, sessionId=abc123, payload=Mensaje de prueba, ts=2025-03-15T0 (truncated)...]
2025-03-15 03:12:09.878 DEBUG 11504 --- [reactor-http-nio-3] o.s.w.s.a.HttpWebHandlerAdapter          : [e0fa2c7a-2] Completed 200 OK
